2020-11-13 18:36:28 INFO  Validacao:39 - Validação: Produto correto.
2020-11-13 18:43:32 INFO  Validacao:39 - Validação: Produto correto.
2020-11-13 18:48:44 INFO  Validacao:39 - Validação: Produto correto.
2020-11-13 18:52:38 INFO  Validacao:39 - Validação: Produto correto.
2020-11-13 18:58:04 INFO  Validacao:39 - Validação: Produto correto.
2020-11-13 19:01:58 INFO  Validacao:39 - Validação: Produto correto.
2020-11-13 19:06:24 INFO  Validacao:39 - Validação: Produto correto.
2020-11-13 19:14:00 INFO  Validacao:39 - Produto correto.
2020-11-13 19:17:39 INFO  Validacao:39 - Produto correto.
2020-11-13 19:22:07 INFO  Validacao:39 - Produto correto.
2020-11-13 19:47:00 INFO  Validacao:39 - Produto correto.
2020-11-13 20:11:25 INFO  Validacao:39 - Produto correto.
2020-11-13 20:12:42 INFO  Validacao:39 - Produto correto.
2020-11-13 20:45:11 INFO  Validacao:39 - Produto correto.
2020-11-13 20:45:48 INFO  Validacao:39 - O endereço está correto.
2020-11-13 21:42:31 INFO  Validacao:39 - Produto correto.
2020-11-13 21:49:07 INFO  Validacao:39 - Produto correto.
2020-11-13 21:57:26 INFO  Validacao:39 - Produto correto.
2020-11-13 21:58:28 INFO  Validacao:39 - Produto correto.
2020-11-13 22:04:09 INFO  Validacao:39 - Produto correto.
2020-11-13 22:10:12 INFO  Validacao:39 - Produto correto.
2020-11-13 22:10:23 INFO  Validacao:39 - O endereço está correto.
2020-11-13 22:15:58 INFO  Validacao:39 - Produto correto.
2020-11-13 22:16:08 INFO  Validacao:39 - O endereço está correto.
2020-11-13 22:16:35 INFO  Validacao:39 - Valor total da compra correto.
2020-11-13 22:18:35 INFO  Validacao:39 - Compra realizada com sucesso.
2020-11-14 12:52:06 INFO  Validacao:47 - Produto correto.
2020-11-14 12:52:18 INFO  Validacao:47 - O endereço está correto.
2020-11-14 12:52:22 INFO  Validacao:47 - Valor total da compra correto.
2020-11-14 12:52:29 INFO  Validacao:47 - Compra realizada com sucesso.
